<?xml version="1.0" encoding="UTF-8"?>
<!-- Generated by org.testng.reporters.JUnitXMLReporter -->
<testsuite ignored="2" hostname="DESKTOP-J7H6G9B" failures="0" tests="1" name="Home Loan" time="0.055" errors="0" timestamp="2024-12-27T20:45:21 IST">
  <testcase classname="loan.HomeLoan" name="webLoginHL" time="0.013"/>
  <testcase classname="loan.HomeLoan" name="mobileLoginHL" time="0.0">
    <ignored/>
  </testcase> <!-- mobileLoginHL -->
  <testcase classname="loan.HomeLoan" name="connectionAPISuccessHL" time="0.0">
    <ignored/>
  </testcase> <!-- connectionAPISuccessHL -->
</testsuite> <!-- Home Loan -->
